<?xml version="1.0" encoding="UTF-8"?>
<testsuite name="com.bestbuy.studentinfo.StoreCURDTest" time="0.016" tests="4" errors="4" skipped="0" failures="0">
  <properties>
[...]
</properties>
  <testcase name="test001" classname="com.bestbuy.studentinfo.StoreCURDTest" time="0.01">
    <error type="java.lang.NullPointerException:">java.lang.NullPointerException: null
	at com.bestbuy.studentinfo.StoreCURDTest.test001(StoreCURDTest.java:60)
</error>
    <system-err><![CDATA[5395 [main] INFO net.serenitybdd.core.Serenity - 
        __    _____ _____ ____ _____   ____   _    ____  ____  _____ ____  
  _     \ \  |_   _| ____/ ___|_   _| |  _ \ / \  / ___|/ ___|| ____|  _ \ 
 (_)_____| |   | | |  _| \___ \ | |   | |_) / _ \ \___ \\___ \|  _| | | | |
  _|_____| |   | | | |___ ___) || |   |  __/ ___ \ ___) |___) | |___| |_| |
 (_)     | |   |_| |_____|____/ |_|   |_| /_/   \_\____/|____/|_____|____/ 
        /_/                                                                

TEST PASSED: Delete the product and verify if the product is deleted!
----------------------------------------------------------------------------
5484 [pool-1-thread-4] INFO net.thucydides.core.reports.json.JSONTestOutcomeReporter - Generating JSON report for Delete the product and verify if the product is deleted! to file C:\Users\Manas Vibhakar\IdeaProjects\bestbuy-serenity\target\site\serenity\755a5aec28cd632fb59919a06c53f68ad5ba790aaf1c64ec6c4e87738de859b1.json (using temp file C:\Users\Manas Vibhakar\IdeaProjects\bestbuy-serenity\target\site\serenity\755a5aec28cd632fb59919a06c53f68ad5ba790aaf1c64ec6c4e87738de859b1.json75f3e103-4228-4e85-a649-99c1daadd033)
5484 [pool-1-thread-2] INFO net.thucydides.core.reports.json.JSONTestOutcomeReporter - Generating JSON report for Verify if the product  was added to the application to file C:\Users\Manas Vibhakar\IdeaProjects\bestbuy-serenity\target\site\serenity\e61cf0ca0b8b46e833aa143e44a88495be47085ff283fe01e867e28b500dbb7e.json (using temp file C:\Users\Manas Vibhakar\IdeaProjects\bestbuy-serenity\target\site\serenity\e61cf0ca0b8b46e833aa143e44a88495be47085ff283fe01e867e28b500dbb7e.jsonfaea99e8-c0db-492a-bc5a-9e6961d5d747)
5484 [pool-1-thread-1] INFO net.thucydides.core.reports.json.JSONTestOutcomeReporter - Generating JSON report for This will create new product to file C:\Users\Manas Vibhakar\IdeaProjects\bestbuy-serenity\target\site\serenity\e28f2f81da4f1d7f0a2ac1cb41018d8b9542fdac34b1d5124945db77bcc2875a.json (using temp file C:\Users\Manas Vibhakar\IdeaProjects\bestbuy-serenity\target\site\serenity\e28f2f81da4f1d7f0a2ac1cb41018d8b9542fdac34b1d5124945db77bcc2875a.jsone229ea7c-cc2f-4564-a89c-d230af09efe8)
5484 [pool-1-thread-3] INFO net.thucydides.core.reports.json.JSONTestOutcomeReporter - Generating JSON report for Update the user information and verify the updated information to file C:\Users\Manas Vibhakar\IdeaProjects\bestbuy-serenity\target\site\serenity\e39efb70f9fa5fbeb702b0aa445c1e2733c7eb50b0b7ee1d7873f8929bb18a53.json (using temp file C:\Users\Manas Vibhakar\IdeaProjects\bestbuy-serenity\target\site\serenity\e39efb70f9fa5fbeb702b0aa445c1e2733c7eb50b0b7ee1d7873f8929bb18a53.jsone5335c16-2337-4704-8c57-982f58cd9e2a)
5736 [pool-2-thread-1] INFO net.thucydides.core.reports.html.HtmlAcceptanceTestReporter - GENERATING HTML REPORT FOR Product CURD test:test001 in e28f2f81da4f1d7f0a2ac1cb41018d8b9542fdac34b1d5124945db77bcc2875a.html in directory target\site\serenity  
5736 [pool-2-thread-3] INFO net.thucydides.core.reports.html.HtmlAcceptanceTestReporter - GENERATING HTML REPORT FOR Product CURD test:test003 in e39efb70f9fa5fbeb702b0aa445c1e2733c7eb50b0b7ee1d7873f8929bb18a53.html in directory target\site\serenity  
5736 [pool-2-thread-4] INFO net.thucydides.core.reports.html.HtmlAcceptanceTestReporter - GENERATING HTML REPORT FOR Product CURD test:test004 in 755a5aec28cd632fb59919a06c53f68ad5ba790aaf1c64ec6c4e87738de859b1.html in directory target\site\serenity  
5736 [pool-2-thread-2] INFO net.thucydides.core.reports.html.HtmlAcceptanceTestReporter - GENERATING HTML REPORT FOR Product CURD test:test002 in e61cf0ca0b8b46e833aa143e44a88495be47085ff283fe01e867e28b500dbb7e.html in directory target\site\serenity  
6873 [main] INFO net.serenitybdd.core.Serenity - Test Suite Started: Store CURD test
6874 [main] INFO net.serenitybdd.core.Serenity - 
 _____ _____ ____ _____   ____ _____  _    ____ _____ _____ ____  
|_   _| ____/ ___|_   _| / ___|_   _|/ \  |  _ \_   _| ____|  _ \ 
  | | |  _| \___ \ | |   \___ \ | | / _ \ | |_) || | |  _| | | | |
  | | | |___ ___) || |    ___) || |/ ___ \|  _ < | | | |___| |_| |
  |_| |_____|____/ |_|   |____/ |_/_/   \_\_| \_\|_| |_____|____/ 
                                                                  

TEST STARTED: test001
-------------------------------------------------------------------
6874 [main] INFO net.serenitybdd.core.Serenity - TEST NUMBER: 5
]]></system-err>
  </testcase>
  <testcase name="test002" classname="com.bestbuy.studentinfo.StoreCURDTest" time="0.002">
    <error type="java.lang.NullPointerException:">java.lang.NullPointerException: null
	at com.bestbuy.studentinfo.StoreCURDTest.test002(StoreCURDTest.java:70)
</error>
    <system-out><![CDATA[Find by lat 11
]]></system-out>
    <system-err><![CDATA[6892 [main] ERROR net.serenitybdd.core.Serenity - 
           __  _____ _____ ____ _____   _____ _    ___ _     _____ ____  
  _       / / |_   _| ____/ ___|_   _| |  ___/ \  |_ _| |   | ____|  _ \ 
 (_)_____| |    | | |  _| \___ \ | |   | |_ / _ \  | || |   |  _| | | | |
  _|_____| |    | | | |___ ___) || |   |  _/ ___ \ | || |___| |___| |_| |
 (_)     | |    |_| |_____|____/ |_|   |_|/_/   \_\___|_____|_____|____/ 
          \_\                                                            

TEST FAILED WITH ERROR: This will create new store
---------------------------------------------------------------------
6893 [main] ERROR net.serenitybdd.core.Serenity - 
6896 [main] INFO net.serenitybdd.core.Serenity - 
 _____ _____ ____ _____   ____ _____  _    ____ _____ _____ ____  
|_   _| ____/ ___|_   _| / ___|_   _|/ \  |  _ \_   _| ____|  _ \ 
  | | |  _| \___ \ | |   \___ \ | | / _ \ | |_) || | |  _| | | | |
  | | | |___ ___) || |    ___) || |/ ___ \|  _ < | | | |___| |_| |
  |_| |_____|____/ |_|   |____/ |_/_/   \_\_| \_\|_| |_____|____/ 
                                                                  

TEST STARTED: test002
-------------------------------------------------------------------
6896 [main] INFO net.serenitybdd.core.Serenity - TEST NUMBER: 6
]]></system-err>
  </testcase>
  <testcase name="test003" classname="com.bestbuy.studentinfo.StoreCURDTest" time="0.002">
    <error type="java.lang.NullPointerException:">java.lang.NullPointerException: null
	at com.bestbuy.studentinfo.StoreCURDTest.test003(StoreCURDTest.java:95)
</error>
    <system-err><![CDATA[6901 [main] ERROR net.serenitybdd.core.Serenity - 
           __  _____ _____ ____ _____   _____ _    ___ _     _____ ____  
  _       / / |_   _| ____/ ___|_   _| |  ___/ \  |_ _| |   | ____|  _ \ 
 (_)_____| |    | | |  _| \___ \ | |   | |_ / _ \  | || |   |  _| | | | |
  _|_____| |    | | | |___ ___) || |   |  _/ ___ \ | || |___| |___| |_| |
 (_)     | |    |_| |_____|____/ |_|   |_|/_/   \_\___|_____|_____|____/ 
          \_\                                                            

TEST FAILED WITH ERROR: Verify if the store was added to the application
---------------------------------------------------------------------
6902 [main] ERROR net.serenitybdd.core.Serenity - 
6904 [main] INFO net.serenitybdd.core.Serenity - 
 _____ _____ ____ _____   ____ _____  _    ____ _____ _____ ____  
|_   _| ____/ ___|_   _| / ___|_   _|/ \  |  _ \_   _| ____|  _ \ 
  | | |  _| \___ \ | |   \___ \ | | / _ \ | |_) || | |  _| | | | |
  | | | |___ ___) || |    ___) || |/ ___ \|  _ < | | | |___| |_| |
  |_| |_____|____/ |_|   |____/ |_/_/   \_\_| \_\|_| |_____|____/ 
                                                                  

TEST STARTED: test003
-------------------------------------------------------------------
6904 [main] INFO net.serenitybdd.core.Serenity - TEST NUMBER: 7
]]></system-err>
  </testcase>
  <testcase name="test004" classname="com.bestbuy.studentinfo.StoreCURDTest" time="0.002">
    <error type="java.lang.NullPointerException:">java.lang.NullPointerException: null
	at com.bestbuy.studentinfo.StoreCURDTest.test004(StoreCURDTest.java:104)
</error>
    <system-err><![CDATA[6908 [main] ERROR net.serenitybdd.core.Serenity - 
           __  _____ _____ ____ _____   _____ _    ___ _     _____ ____  
  _       / / |_   _| ____/ ___|_   _| |  ___/ \  |_ _| |   | ____|  _ \ 
 (_)_____| |    | | |  _| \___ \ | |   | |_ / _ \  | || |   |  _| | | | |
  _|_____| |    | | | |___ ___) || |   |  _/ ___ \ | || |___| |___| |_| |
 (_)     | |    |_| |_____|____/ |_|   |_|/_/   \_\___|_____|_____|____/ 
          \_\                                                            

TEST FAILED WITH ERROR: Update the user information and verify the updated information
---------------------------------------------------------------------
6909 [main] ERROR net.serenitybdd.core.Serenity - 
6911 [main] INFO net.serenitybdd.core.Serenity - 
 _____ _____ ____ _____   ____ _____  _    ____ _____ _____ ____  
|_   _| ____/ ___|_   _| / ___|_   _|/ \  |  _ \_   _| ____|  _ \ 
  | | |  _| \___ \ | |   \___ \ | | / _ \ | |_) || | |  _| | | | |
  | | | |___ ___) || |    ___) || |/ ___ \|  _ < | | | |___| |_| |
  |_| |_____|____/ |_|   |____/ |_/_/   \_\_| \_\|_| |_____|____/ 
                                                                  

TEST STARTED: test004
-------------------------------------------------------------------
6911 [main] INFO net.serenitybdd.core.Serenity - TEST NUMBER: 8
]]></system-err>
  </testcase>
</testsuite>