<?xml version="1.0" encoding="UTF-8"?><testsuite errors="0" failures="0" name="com.bestbuy.studentinfo.ProductCURDTest" skipped="0" tests="4" time="6.69" timestamp="2023-01-03T20:47:23.707Z[Europe/London]"><testcase classname="com.bestbuy.studentinfo.ProductCURDTest" name="This will create new product"/><testcase classname="com.bestbuy.studentinfo.ProductCURDTest" name="Verify if the product  was added to the application"/><testcase classname="com.bestbuy.studentinfo.ProductCURDTest" name="Update the user information and verify the updated information"/><testcase classname="com.bestbuy.studentinfo.ProductCURDTest" name="Delete the product and verify if the product is deleted!"/></testsuite>